<?xml version="1.0" encoding="UTF-8"?>
<testsuite xmlns:xsi="http://www.w3.org/2001/XMLSchema-instance" xsi:noNamespaceSchemaLocation="https://maven.apache.org/surefire/maven-surefire-plugin/xsd/surefire-test-report-3.0.xsd" version="3.0" name="edu.brown.cs32.livecode.dispatcher.server.TestServer" time="0.185" tests="2" errors="0" skipped="0" failures="0">
  <properties>
[...]
</properties>
  <testcase name="testParseCsvInstructorsEmpty" classname="edu.brown.cs32.livecode.dispatcher.server.TestServer" time="0.002"/>
  <testcase name="testServer" classname="edu.brown.cs32.livecode.dispatcher.server.TestServer" time="0.181">
    <system-err><![CDATA[Dec 12, 2023 1:11:15 PM org.eclipse.jetty.util.log.JettyAwareLogger log
INFO: Logging initialized @670ms to org.eclipse.jetty.util.log.Slf4jLog
Dec 12, 2023 1:11:15 PM spark.embeddedserver.jetty.EmbeddedJettyServer ignite
INFO: == Spark has ignited ...
Dec 12, 2023 1:11:15 PM spark.embeddedserver.jetty.EmbeddedJettyServer ignite
INFO: >> Listening on 0.0.0.0:3333
Dec 12, 2023 1:11:15 PM org.eclipse.jetty.util.log.JettyAwareLogger log
INFO: jetty-9.4.31.v20200723; built: 2020-07-23T17:57:36.812Z; git: 450ba27947e13e66baa8cd1ce7e85a4461cacc1d; jvm 17.0.8.1+1
Dec 12, 2023 1:11:15 PM org.eclipse.jetty.util.log.JettyAwareLogger log
INFO: DefaultSessionIdManager workerName=node0
Dec 12, 2023 1:11:15 PM org.eclipse.jetty.util.log.JettyAwareLogger log
INFO: No SessionScavenger set, using defaults
Dec 12, 2023 1:11:15 PM org.eclipse.jetty.util.log.JettyAwareLogger log
INFO: node0 Scavenging every 600000ms
Dec 12, 2023 1:11:15 PM org.eclipse.jetty.util.log.JettyAwareLogger log
INFO: Started ServerConnector@1c077848{HTTP/1.1, (http/1.1)}{0.0.0.0:3333}
Dec 12, 2023 1:11:15 PM org.eclipse.jetty.util.log.JettyAwareLogger log
INFO: Started @801ms
]]></system-err>
  </testcase>
</testsuite>